[debug] [2022-05-21T05:51:29.635Z] ----------------------------------------------------------------------
[debug] [2022-05-21T05:51:29.636Z] Command:       C:\Program Files\nodejs\node.exe C:\Users\Akash\AppData\Roaming\npm\node_modules\firebase-tools\lib\bin\firebase.js init
[debug] [2022-05-21T05:51:29.637Z] CLI Version:   11.0.0
[debug] [2022-05-21T05:51:29.637Z] Platform:      win32
[debug] [2022-05-21T05:51:29.637Z] Node Version:  v16.14.0
[debug] [2022-05-21T05:51:29.638Z] Time:          Sat May 21 2022 11:21:29 GMT+0530 (India Standard Time)
[debug] [2022-05-21T05:51:29.638Z] ----------------------------------------------------------------------
[debug] 
[debug] [2022-05-21T05:51:29.702Z] > command requires scopes: ["email","openid","https://www.googleapis.com/auth/cloudplatformprojects.readonly","https://www.googleapis.com/auth/firebase","https://www.googleapis.com/auth/cloud-platform"]
[debug] [2022-05-21T05:51:29.702Z] > authorizing via signed-in user (akashison07@gmail.com)
[info] 
     ######## #### ########  ######## ########     ###     ######  ########
     ##        ##  ##     ## ##       ##     ##  ##   ##  ##       ##
     ######    ##  ########  ######   ########  #########  ######  ######
     ##        ##  ##    ##  ##       ##     ## ##     ##       ## ##
     ##       #### ##     ## ######## ########  ##     ##  ######  ########

You're about to initialize a Firebase project in this directory:

  D:\healthcare-service-app

Before we get started, keep in mind:

  * You are initializing within an existing Firebase project directory

[info] 
=== Project Setup
[info] 
[info] First, let's associate this project directory with a Firebase project.
[info] You can create multiple project aliases by running firebase use --add, 
[info] but for now we'll just set up a default project.
[info] 
[debug] [2022-05-21T05:51:40.387Z] Using project from CLI flag: healthcare-service-react-app
[debug] [2022-05-21T05:51:40.388Z] > refreshing access token with scopes: []
[debug] [2022-05-21T05:51:40.389Z] >>> HTTP REQUEST POST https://www.googleapis.com/oauth2/v3/token  
 <request body omitted>
[debug] [2022-05-21T05:51:40.700Z] <<< HTTP RESPONSE 200 {"cache-control":"no-cache, no-store, max-age=0, must-revalidate","pragma":"no-cache","date":"Sat, 21 May 2022 05:51:40 GMT","expires":"Mon, 01 Jan 1990 00:00:00 GMT","content-type":"application/json; charset=utf-8","vary":"X-Origin, Referer, Origin,Accept-Encoding","server":"scaffolding on HTTPServer2","x-xss-protection":"0","x-frame-options":"SAMEORIGIN","x-content-type-options":"nosniff","alt-svc":"h3=\":443\"; ma=2592000,h3-29=\":443\"; ma=2592000,h3-Q050=\":443\"; ma=2592000,h3-Q046=\":443\"; ma=2592000,h3-Q043=\":443\"; ma=2592000,quic=\":443\"; ma=2592000; v=\"46,43\"","accept-ranges":"none","transfer-encoding":"chunked"}
[debug] [2022-05-21T05:51:40.722Z] >>> [apiv2][query] GET https://firebase.googleapis.com/v1beta1/projects/healthcare-service-react-app [none]
[debug] [2022-05-21T05:51:41.351Z] <<< [apiv2][status] GET https://firebase.googleapis.com/v1beta1/projects/healthcare-service-react-app 403
[debug] [2022-05-21T05:51:41.352Z] <<< [apiv2][body] GET https://firebase.googleapis.com/v1beta1/projects/healthcare-service-react-app {"error":{"code":403,"message":"The caller does not have permission","status":"PERMISSION_DENIED"}}
[debug] [2022-05-21T05:51:41.352Z] HTTP Error: 403, The caller does not have permission
[debug] [2022-05-21T05:51:41.664Z] FirebaseError: HTTP Error: 403, The caller does not have permission
    at module.exports (C:\Users\Akash\AppData\Roaming\npm\node_modules\firebase-tools\lib\responseToError.js:47:12)
    at RetryOperation._fn (C:\Users\Akash\AppData\Roaming\npm\node_modules\firebase-tools\lib\apiv2.js:286:39)
    at processTicksAndRejections (node:internal/process/task_queues:96:5)
[error] 
[error] Error: Failed to get Firebase project healthcare-service-react-app. Please make sure the project exists and your account has permission to access it.
